#! /c/Source/iverilog-install/bin/vvp
:ivl_version "12.0 (devel)" "(s20150603-1110-g18392a46)";
:ivl_delay_selection "TYPICAL";
:vpi_time_precision - 12;
:vpi_module "D:\iverilog\lib\ivl\system.vpi";
:vpi_module "D:\iverilog\lib\ivl\vhdl_sys.vpi";
:vpi_module "D:\iverilog\lib\ivl\vhdl_textio.vpi";
:vpi_module "D:\iverilog\lib\ivl\v2005_math.vpi";
:vpi_module "D:\iverilog\lib\ivl\va_math.vpi";
S_000001fe1ade2e50 .scope module, "ALU_tb" "ALU_tb" 2 26;
 .timescale -9 -12;
v000001fe1ae609d0_0 .var "clk", 0 0;
v000001fe1ae60b10_0 .var "en", 0 0;
v000001fe1ae60a70_0 .var "input_a", 31 0;
v000001fe1ae60bb0_0 .var "input_b", 31 0;
v000001fe1ae60e30_0 .var "op", 1 0;
v000001fe1ae60570_0 .net "result", 31 0, v000001fe1ae602f0_0;  1 drivers
S_000001fe1ade2fe0 .scope module, "uut" "alu" 2 39, 3 25 0, S_000001fe1ade2e50;
 .timescale -9 -12;
    .port_info 0 /INPUT 32 "input_a";
    .port_info 1 /INPUT 32 "input_b";
    .port_info 2 /INPUT 2 "op";
    .port_info 3 /INPUT 1 "clk";
    .port_info 4 /INPUT 1 "en";
    .port_info 5 /OUTPUT 32 "result";
L_000001fe1adc8c80 .functor AND 32, v000001fe1ae60a70_0, v000001fe1ae60bb0_0, C4<11111111111111111111111111111111>, C4<11111111111111111111111111111111>;
L_000001fe1adc8cf0 .functor OR 32, v000001fe1ae60a70_0, v000001fe1ae60bb0_0, C4<00000000000000000000000000000000>, C4<00000000000000000000000000000000>;
L_000001fe1ae61038 .functor BUFT 1, C4<00>, C4<0>, C4<0>, C4<0>;
v000001fe1ade3170_0 .net/2u *"_ivl_0", 1 0, L_000001fe1ae61038;  1 drivers
v000001fe1ade3540_0 .net *"_ivl_10", 31 0, L_000001fe1ae60930;  1 drivers
L_000001fe1ae610c8 .functor BUFT 1, C4<10>, C4<0>, C4<0>, C4<0>;
v000001fe1adce2c0_0 .net/2u *"_ivl_12", 1 0, L_000001fe1ae610c8;  1 drivers
v000001fe1ae142c0_0 .net *"_ivl_14", 0 0, L_000001fe1ae60c50;  1 drivers
v000001fe1ae14360_0 .net *"_ivl_16", 31 0, L_000001fe1adc8c80;  1 drivers
v000001fe1ae14400_0 .net *"_ivl_18", 31 0, L_000001fe1adc8cf0;  1 drivers
v000001fe1ae144a0_0 .net *"_ivl_2", 0 0, L_000001fe1ae607f0;  1 drivers
v000001fe1ae60110_0 .net *"_ivl_20", 31 0, L_000001fe1ae60cf0;  1 drivers
v000001fe1ae601b0_0 .net *"_ivl_22", 31 0, L_000001fe1ae60d90;  1 drivers
v000001fe1ae60ed0_0 .net *"_ivl_4", 31 0, L_000001fe1ae60890;  1 drivers
L_000001fe1ae61080 .functor BUFT 1, C4<01>, C4<0>, C4<0>, C4<0>;
v000001fe1ae60f70_0 .net/2u *"_ivl_6", 1 0, L_000001fe1ae61080;  1 drivers
v000001fe1ae60430_0 .net *"_ivl_8", 0 0, L_000001fe1ae606b0;  1 drivers
v000001fe1ae604d0_0 .net "clk", 0 0, v000001fe1ae609d0_0;  1 drivers
v000001fe1ae60610_0 .net "en", 0 0, v000001fe1ae60b10_0;  1 drivers
v000001fe1ae60070_0 .net "input_a", 31 0, v000001fe1ae60a70_0;  1 drivers
v000001fe1ae60750_0 .net "input_b", 31 0, v000001fe1ae60bb0_0;  1 drivers
v000001fe1ae60250_0 .net "op", 1 0, v000001fe1ae60e30_0;  1 drivers
v000001fe1ae602f0_0 .var "result", 31 0;
v000001fe1ae60390_0 .net "temp_result", 31 0, L_000001fe1aeaa280;  1 drivers
E_000001fe1ae067d0 .event posedge, v000001fe1ae604d0_0;
L_000001fe1ae607f0 .cmp/eq 2, v000001fe1ae60e30_0, L_000001fe1ae61038;
L_000001fe1ae60890 .arith/sum 32, v000001fe1ae60a70_0, v000001fe1ae60bb0_0;
L_000001fe1ae606b0 .cmp/eq 2, v000001fe1ae60e30_0, L_000001fe1ae61080;
L_000001fe1ae60930 .arith/sub 32, v000001fe1ae60a70_0, v000001fe1ae60bb0_0;
L_000001fe1ae60c50 .cmp/eq 2, v000001fe1ae60e30_0, L_000001fe1ae610c8;
L_000001fe1ae60cf0 .functor MUXZ 32, L_000001fe1adc8cf0, L_000001fe1adc8c80, L_000001fe1ae60c50, C4<>;
L_000001fe1ae60d90 .functor MUXZ 32, L_000001fe1ae60cf0, L_000001fe1ae60930, L_000001fe1ae606b0, C4<>;
L_000001fe1aeaa280 .functor MUXZ 32, L_000001fe1ae60d90, L_000001fe1ae60890, L_000001fe1ae607f0, C4<>;
    .scope S_000001fe1ade2fe0;
T_0 ;
    %wait E_000001fe1ae067d0;
    %load/vec4 v000001fe1ae60610_0;
    %cmpi/e 1, 0, 1;
    %jmp/0xz  T_0.0, 4;
    %load/vec4 v000001fe1ae60390_0;
    %assign/vec4 v000001fe1ae602f0_0, 0;
    %jmp T_0.1;
T_0.0 ;
    %load/vec4 v000001fe1ae602f0_0;
    %assign/vec4 v000001fe1ae602f0_0, 0;
T_0.1 ;
    %jmp T_0;
    .thread T_0;
    .scope S_000001fe1ade2e50;
T_1 ;
    %pushi/vec4 0, 0, 32;
    %store/vec4 v000001fe1ae60a70_0, 0, 32;
    %pushi/vec4 0, 0, 32;
    %store/vec4 v000001fe1ae60bb0_0, 0, 32;
    %pushi/vec4 0, 0, 2;
    %store/vec4 v000001fe1ae60e30_0, 0, 2;
    %pushi/vec4 0, 0, 1;
    %store/vec4 v000001fe1ae609d0_0, 0, 1;
    %pushi/vec4 0, 0, 1;
    %store/vec4 v000001fe1ae60b10_0, 0, 1;
    %delay 10000, 0;
    %pushi/vec4 1, 0, 1;
    %store/vec4 v000001fe1ae60b10_0, 0, 1;
    %pushi/vec4 19260817, 0, 32;
    %store/vec4 v000001fe1ae60a70_0, 0, 32;
    %pushi/vec4 99999999, 0, 32;
    %store/vec4 v000001fe1ae60bb0_0, 0, 32;
    %delay 8000, 0;
    %pushi/vec4 1, 0, 2;
    %store/vec4 v000001fe1ae60e30_0, 0, 2;
    %delay 12000, 0;
    %pushi/vec4 0, 0, 1;
    %store/vec4 v000001fe1ae60b10_0, 0, 1;
    %pushi/vec4 100, 0, 32;
    %store/vec4 v000001fe1ae60a70_0, 0, 32;
    %end;
    .thread T_1;
    .scope S_000001fe1ade2e50;
T_2 ;
    %delay 5000, 0;
    %load/vec4 v000001fe1ae609d0_0;
    %inv;
    %store/vec4 v000001fe1ae609d0_0, 0, 1;
    %jmp T_2;
    .thread T_2;
# The file index is used to find the file name in the following table.
:file_names 4;
    "N/A";
    "<interactive>";
    "ALU_tb.v";
    "./ALU.v";
